<?xml version="1.0" encoding="UTF-8"?>
<!-- Generated by org.testng.reporters.JUnitReportReporter -->
<testsuite skipped="0" hostname="Techs-iMac.local.tld" name="scripts.TechGlobalCheckBoxTest" tests="2" failures="0" timestamp="2023-01-22T11:14:46 CST" time="11.611" errors="0">
  <testcase name="validateCheckboxes" time="5.004" classname="scripts.TechGlobalCheckBoxTest"/>
  <system-out/>
  <testcase name="validateCheckboxes2" time="6.607" classname="scripts.TechGlobalCheckBoxTest"/>
  <system-out/>
</testsuite> <!-- scripts.TechGlobalCheckBoxTest -->
